0 info it worked if it ends with ok
1 verbose cli [ '/usr/local/bin/node',
1 verbose cli   '/usr/local/lib/node_modules/pm2/lib/ProcessContainerFork.js',
1 verbose cli   'start' ]
2 info using npm@3.10.10
3 info using node@v6.10.0
4 verbose run-script [ 'prestart', 'start', 'poststart' ]
5 info lifecycle carlospaelinck.io@2.0.0~prestart: carlospaelinck.io@2.0.0
6 silly lifecycle carlospaelinck.io@2.0.0~prestart: no script for prestart, continuing
7 info lifecycle carlospaelinck.io@2.0.0~start: carlospaelinck.io@2.0.0
8 verbose lifecycle carlospaelinck.io@2.0.0~start: unsafe-perm in lifecycle true
9 verbose lifecycle carlospaelinck.io@2.0.0~start: PATH: /usr/local/lib/node_modules/npm/bin/node-gyp-bin:/Users/carlos13/Development/carlospaelinck.io/node_modules/.bin:/Users/carlos13/.rvm/gems/ruby-2.3.3/bin:/Users/carlos13/.rvm/gems/ruby-2.3.3@global/bin:/Users/carlos13/.rvm/rubies/ruby-2.3.3/bin:/usr/local/bin:/usr/bin:/bin:/usr/sbin:/sbin:/Library/Frameworks/Mono.framework/Versions/Current/Commands:/Users/carlos13/.yarn/bin:/Users/carlos13/Library/Android/sdk/tools:/Users/carlos13/Library/Android/sdk/platform-tools:/Users/carlos13/.rvm/bin
10 verbose lifecycle carlospaelinck.io@2.0.0~start: CWD: /Users/carlos13/Development/carlospaelinck.io
11 silly lifecycle carlospaelinck.io@2.0.0~start: Args: [ '-c', 'next start' ]
12 silly lifecycle carlospaelinck.io@2.0.0~start: Returned: code: 1  signal: null
13 info lifecycle carlospaelinck.io@2.0.0~start: Failed to exec start script
14 verbose stack Error: carlospaelinck.io@2.0.0 start: `next start`
14 verbose stack Exit status 1
14 verbose stack     at EventEmitter.<anonymous> (/usr/local/lib/node_modules/npm/lib/utils/lifecycle.js:255:16)
14 verbose stack     at emitTwo (events.js:106:13)
14 verbose stack     at EventEmitter.emit (events.js:191:7)
14 verbose stack     at ChildProcess.<anonymous> (/usr/local/lib/node_modules/npm/lib/utils/spawn.js:40:14)
14 verbose stack     at emitTwo (events.js:106:13)
14 verbose stack     at ChildProcess.emit (events.js:191:7)
14 verbose stack     at maybeClose (internal/child_process.js:877:16)
14 verbose stack     at Process.ChildProcess._handle.onexit (internal/child_process.js:226:5)
15 verbose pkgid carlospaelinck.io@2.0.0
16 verbose cwd /Users/carlos13/Development/carlospaelinck.io
17 error Darwin 16.5.0
18 error argv "/usr/local/bin/node" "/usr/local/lib/node_modules/pm2/lib/ProcessContainerFork.js" "start"
19 error node v6.10.0
20 error npm  v3.10.10
21 error code ELIFECYCLE
22 error carlospaelinck.io@2.0.0 start: `next start`
22 error Exit status 1
23 error Failed at the carlospaelinck.io@2.0.0 start script 'next start'.
23 error Make sure you have the latest version of node.js and npm installed.
23 error If you do, this is most likely a problem with the carlospaelinck.io package,
23 error not with npm itself.
23 error Tell the author that this fails on your system:
23 error     next start
23 error You can get information on how to open an issue for this project with:
23 error     npm bugs carlospaelinck.io
23 error Or if that isn't available, you can get their info via:
23 error     npm owner ls carlospaelinck.io
23 error There is likely additional logging output above.
24 verbose exit [ 1, true ]
